C51 COMPILER V9.55   RA8889_MCU_IF                                                         07/12/2024 14:46:12 PAGE 1   


C51 COMPILER V9.55, COMPILATION OF MODULE RA8889_MCU_IF
OBJECT MODULE PLACED IN .\Objects\RA8889_MCU_IF.obj
COMPILER INVOKED BY: D:\Program Files\Keil_v5\C51\BIN\C51.EXE RA8889_01_Kernel\RA8889_MCU_IF.c COMPACT OMF2 ROM(COMPACT)
                    - OPTIMIZE(9,SPEED) BROWSE INCDIR(.\RA8889_01_Kernel) DEBUG PRINT(.\Listings\RA8889_MCU_IF.lst) TABS(2) OBJECT(.\Objects\
                    -RA8889_MCU_IF.obj)

line level    source

   1          #include "RA8889_MCU_IF.h"
   2          #include "delay.h"
   3          #include <intrins.h>
   4          
   5          
   6          /*********************************************************/
   7          /*  8080 通信协议                                         */
   8          /*********************************************************/
   9          
  10          void LCD_CmdWrite(unsigned char Cmd)
  11          {  
  12   1        Data_Bus = Cmd;   //Reg Addr
  13   1        RA8889_CS = 0;
  14   1        RA8889_RS = 0;
  15   1        RA8889_RD = 1;
  16   1        RA8889_WR = 0;
  17   1        RA8889_WR = 1;
  18   1        RA8889_CS=1;
  19   1        delay(10);
  20   1      }
  21          
  22          
  23          void LCD_DataWrite(unsigned char Data)
  24          {
  25   1        Data_Bus = Data;    //Reg Addr
  26   1        RA8889_CS = 0;
  27   1        RA8889_RS = 1;
  28   1        RA8889_RD = 1;
  29   1        RA8889_WR = 0;
  30   1        RA8889_WR = 1;
  31   1        RA8889_CS=1;
  32   1        delay(10);
  33   1      }
  34          
  35          
  36          unsigned char LCD_DataRead(void)
  37          {
  38   1        unsigned char Data;
  39   1        Data_Bus = 0xff;
  40   1        RA8889_CS = 0;
  41   1        RA8889_RS = 1;
  42   1        RA8889_WR = 1;
  43   1        RA8889_RD = 0;
  44   1        Data = Data_Bus;
  45   1        RA8889_RD = 1;
  46   1        RA8889_CS = 1;  
  47   1        delay(10);
  48   1        return Data;
  49   1      }
  50          
  51          
  52          unsigned char LCD_StatusRead(void)
  53          {
C51 COMPILER V9.55   RA8889_MCU_IF                                                         07/12/2024 14:46:12 PAGE 2   

  54   1        unsigned char Data;
  55   1        Data_Bus = 0xff;
  56   1        RA8889_CS = 0;
  57   1        RA8889_RS = 0;
  58   1        RA8889_WR = 1;
  59   1        RA8889_RD = 0;  
  60   1        Data = Data_Bus;
  61   1        RA8889_RD = 1;  
  62   1        RA8889_CS = 1;
  63   1        delay(10);
  64   1        return Data;
  65   1      }


MODULE INFORMATION:   STATIC OVERLAYABLE
   CODE SIZE        =     95    ----
   CONSTANT SIZE    =   ----    ----
   XDATA SIZE       =   ----    ----
   PDATA SIZE       =   ----       2
   DATA SIZE        =   ----    ----
   IDATA SIZE       =   ----    ----
   BIT SIZE         =   ----    ----
   EDATA SIZE       =   ----    ----
   HDATA SIZE       =   ----    ----
   XDATA CONST SIZE =   ----    ----
   FAR CONST SIZE   =   ----    ----
END OF MODULE INFORMATION.


C51 COMPILATION COMPLETE.  0 WARNING(S),  0 ERROR(S)
